[06-Oct-2025 02:00:45 Africa/Nairobi] PHP Warning:  include(includes/footer.php): Failed to open stream: No such file or directory in /home/vxjtgclw/crm.zuri.co.ke/dashboard.php on line 334
[06-Oct-2025 02:00:45 Africa/Nairobi] PHP Warning:  include(includes/footer.php): Failed to open stream: No such file or directory in /home/vxjtgclw/crm.zuri.co.ke/dashboard.php on line 334
[06-Oct-2025 02:00:45 Africa/Nairobi] PHP Warning:  include(): Failed opening 'includes/footer.php' for inclusion (include_path='.:/opt/cpanel/ea-php82/root/usr/share/pear') in /home/vxjtgclw/crm.zuri.co.ke/dashboard.php on line 334
[06-Oct-2025 02:01:15 Africa/Nairobi] PHP Warning:  include(includes/footer.php): Failed to open stream: No such file or directory in /home/vxjtgclw/crm.zuri.co.ke/projects.php on line 237
[06-Oct-2025 02:01:15 Africa/Nairobi] PHP Warning:  include(includes/footer.php): Failed to open stream: No such file or directory in /home/vxjtgclw/crm.zuri.co.ke/projects.php on line 237
[06-Oct-2025 02:01:15 Africa/Nairobi] PHP Warning:  include(): Failed opening 'includes/footer.php' for inclusion (include_path='.:/opt/cpanel/ea-php82/root/usr/share/pear') in /home/vxjtgclw/crm.zuri.co.ke/projects.php on line 237
[06-Oct-2025 02:01:19 Africa/Nairobi] PHP Warning:  include(includes/footer.php): Failed to open stream: No such file or directory in /home/vxjtgclw/crm.zuri.co.ke/plots.php on line 246
[06-Oct-2025 02:01:19 Africa/Nairobi] PHP Warning:  include(includes/footer.php): Failed to open stream: No such file or directory in /home/vxjtgclw/crm.zuri.co.ke/plots.php on line 246
[06-Oct-2025 02:01:19 Africa/Nairobi] PHP Warning:  include(): Failed opening 'includes/footer.php' for inclusion (include_path='.:/opt/cpanel/ea-php82/root/usr/share/pear') in /home/vxjtgclw/crm.zuri.co.ke/plots.php on line 246
[06-Oct-2025 02:01:23 Africa/Nairobi] PHP Warning:  include(includes/footer.php): Failed to open stream: No such file or directory in /home/vxjtgclw/crm.zuri.co.ke/leads.php on line 499
[06-Oct-2025 02:01:23 Africa/Nairobi] PHP Warning:  include(includes/footer.php): Failed to open stream: No such file or directory in /home/vxjtgclw/crm.zuri.co.ke/leads.php on line 499
[06-Oct-2025 02:01:23 Africa/Nairobi] PHP Warning:  include(): Failed opening 'includes/footer.php' for inclusion (include_path='.:/opt/cpanel/ea-php82/root/usr/share/pear') in /home/vxjtgclw/crm.zuri.co.ke/leads.php on line 499
[06-Oct-2025 02:01:27 Africa/Nairobi] PHP Warning:  include(includes/footer.php): Failed to open stream: No such file or directory in /home/vxjtgclw/crm.zuri.co.ke/clients.php on line 359
[06-Oct-2025 02:01:27 Africa/Nairobi] PHP Warning:  include(includes/footer.php): Failed to open stream: No such file or directory in /home/vxjtgclw/crm.zuri.co.ke/clients.php on line 359
[06-Oct-2025 02:01:27 Africa/Nairobi] PHP Warning:  include(): Failed opening 'includes/footer.php' for inclusion (include_path='.:/opt/cpanel/ea-php82/root/usr/share/pear') in /home/vxjtgclw/crm.zuri.co.ke/clients.php on line 359
[06-Oct-2025 02:02:18 Africa/Nairobi] PHP Warning:  include(includes/footer.php): Failed to open stream: No such file or directory in /home/vxjtgclw/crm.zuri.co.ke/dashboard.php on line 334
[06-Oct-2025 02:02:18 Africa/Nairobi] PHP Warning:  include(includes/footer.php): Failed to open stream: No such file or directory in /home/vxjtgclw/crm.zuri.co.ke/dashboard.php on line 334
[06-Oct-2025 02:02:18 Africa/Nairobi] PHP Warning:  include(): Failed opening 'includes/footer.php' for inclusion (include_path='.:/opt/cpanel/ea-php82/root/usr/share/pear') in /home/vxjtgclw/crm.zuri.co.ke/dashboard.php on line 334
[06-Oct-2025 02:02:21 Africa/Nairobi] PHP Warning:  include(includes/footer.php): Failed to open stream: No such file or directory in /home/vxjtgclw/crm.zuri.co.ke/payments.php on line 272
[06-Oct-2025 02:02:21 Africa/Nairobi] PHP Warning:  include(includes/footer.php): Failed to open stream: No such file or directory in /home/vxjtgclw/crm.zuri.co.ke/payments.php on line 272
[06-Oct-2025 02:02:21 Africa/Nairobi] PHP Warning:  include(): Failed opening 'includes/footer.php' for inclusion (include_path='.:/opt/cpanel/ea-php82/root/usr/share/pear') in /home/vxjtgclw/crm.zuri.co.ke/payments.php on line 272
[06-Oct-2025 02:02:32 Africa/Nairobi] PHP Warning:  include(includes/footer.php): Failed to open stream: No such file or directory in /home/vxjtgclw/crm.zuri.co.ke/site-visits.php on line 207
[06-Oct-2025 02:02:32 Africa/Nairobi] PHP Warning:  include(includes/footer.php): Failed to open stream: No such file or directory in /home/vxjtgclw/crm.zuri.co.ke/site-visits.php on line 207
[06-Oct-2025 02:02:32 Africa/Nairobi] PHP Warning:  include(): Failed opening 'includes/footer.php' for inclusion (include_path='.:/opt/cpanel/ea-php82/root/usr/share/pear') in /home/vxjtgclw/crm.zuri.co.ke/site-visits.php on line 207
[06-Oct-2025 02:02:40 Africa/Nairobi] PHP Warning:  include(includes/footer.php): Failed to open stream: No such file or directory in /home/vxjtgclw/crm.zuri.co.ke/documents.php on line 177
[06-Oct-2025 02:02:40 Africa/Nairobi] PHP Warning:  include(includes/footer.php): Failed to open stream: No such file or directory in /home/vxjtgclw/crm.zuri.co.ke/documents.php on line 177
[06-Oct-2025 02:02:40 Africa/Nairobi] PHP Warning:  include(): Failed opening 'includes/footer.php' for inclusion (include_path='.:/opt/cpanel/ea-php82/root/usr/share/pear') in /home/vxjtgclw/crm.zuri.co.ke/documents.php on line 177
[06-Oct-2025 02:02:45 Africa/Nairobi] PHP Deprecated:  trim(): Passing null to parameter #1 ($string) of type string is deprecated in /home/vxjtgclw/crm.zuri.co.ke/config.php on line 93
[06-Oct-2025 02:02:45 Africa/Nairobi] PHP Warning:  include(includes/footer.php): Failed to open stream: No such file or directory in /home/vxjtgclw/crm.zuri.co.ke/settings.php on line 268
[06-Oct-2025 02:02:45 Africa/Nairobi] PHP Warning:  include(includes/footer.php): Failed to open stream: No such file or directory in /home/vxjtgclw/crm.zuri.co.ke/settings.php on line 268
[06-Oct-2025 02:02:45 Africa/Nairobi] PHP Warning:  include(): Failed opening 'includes/footer.php' for inclusion (include_path='.:/opt/cpanel/ea-php82/root/usr/share/pear') in /home/vxjtgclw/crm.zuri.co.ke/settings.php on line 268
[06-Oct-2025 02:03:09 Africa/Nairobi] PHP Warning:  include(includes/footer.php): Failed to open stream: No such file or directory in /home/vxjtgclw/crm.zuri.co.ke/reports.php on line 258
[06-Oct-2025 02:03:09 Africa/Nairobi] PHP Warning:  include(includes/footer.php): Failed to open stream: No such file or directory in /home/vxjtgclw/crm.zuri.co.ke/reports.php on line 258
[06-Oct-2025 02:03:09 Africa/Nairobi] PHP Warning:  include(): Failed opening 'includes/footer.php' for inclusion (include_path='.:/opt/cpanel/ea-php82/root/usr/share/pear') in /home/vxjtgclw/crm.zuri.co.ke/reports.php on line 258
[06-Oct-2025 02:03:20 Africa/Nairobi] PHP Warning:  include(includes/footer.php): Failed to open stream: No such file or directory in /home/vxjtgclw/crm.zuri.co.ke/dashboard.php on line 334
[06-Oct-2025 02:03:20 Africa/Nairobi] PHP Warning:  include(includes/footer.php): Failed to open stream: No such file or directory in /home/vxjtgclw/crm.zuri.co.ke/dashboard.php on line 334
[06-Oct-2025 02:03:20 Africa/Nairobi] PHP Warning:  include(): Failed opening 'includes/footer.php' for inclusion (include_path='.:/opt/cpanel/ea-php82/root/usr/share/pear') in /home/vxjtgclw/crm.zuri.co.ke/dashboard.php on line 334
[06-Oct-2025 02:03:28 Africa/Nairobi] PHP Warning:  include(includes/footer.php): Failed to open stream: No such file or directory in /home/vxjtgclw/crm.zuri.co.ke/clients.php on line 359
[06-Oct-2025 02:03:28 Africa/Nairobi] PHP Warning:  include(includes/footer.php): Failed to open stream: No such file or directory in /home/vxjtgclw/crm.zuri.co.ke/clients.php on line 359
[06-Oct-2025 02:03:28 Africa/Nairobi] PHP Warning:  include(): Failed opening 'includes/footer.php' for inclusion (include_path='.:/opt/cpanel/ea-php82/root/usr/share/pear') in /home/vxjtgclw/crm.zuri.co.ke/clients.php on line 359
[06-Oct-2025 02:03:33 Africa/Nairobi] PHP Warning:  include(includes/footer.php): Failed to open stream: No such file or directory in /home/vxjtgclw/crm.zuri.co.ke/dashboard.php on line 334
[06-Oct-2025 02:03:33 Africa/Nairobi] PHP Warning:  include(includes/footer.php): Failed to open stream: No such file or directory in /home/vxjtgclw/crm.zuri.co.ke/dashboard.php on line 334
[06-Oct-2025 02:03:33 Africa/Nairobi] PHP Warning:  include(): Failed opening 'includes/footer.php' for inclusion (include_path='.:/opt/cpanel/ea-php82/root/usr/share/pear') in /home/vxjtgclw/crm.zuri.co.ke/dashboard.php on line 334
[06-Oct-2025 02:06:46 Africa/Nairobi] PHP Warning:  include(includes/footer.php): Failed to open stream: No such file or directory in /home/vxjtgclw/crm.zuri.co.ke/attendance.php on line 247
[06-Oct-2025 02:06:46 Africa/Nairobi] PHP Warning:  include(includes/footer.php): Failed to open stream: No such file or directory in /home/vxjtgclw/crm.zuri.co.ke/attendance.php on line 247
[06-Oct-2025 02:06:46 Africa/Nairobi] PHP Warning:  include(): Failed opening 'includes/footer.php' for inclusion (include_path='.:/opt/cpanel/ea-php82/root/usr/share/pear') in /home/vxjtgclw/crm.zuri.co.ke/attendance.php on line 247
[06-Oct-2025 02:07:15 Africa/Nairobi] PHP Warning:  include(includes/footer.php): Failed to open stream: No such file or directory in /home/vxjtgclw/crm.zuri.co.ke/sales.php on line 440
[06-Oct-2025 02:07:15 Africa/Nairobi] PHP Warning:  include(includes/footer.php): Failed to open stream: No such file or directory in /home/vxjtgclw/crm.zuri.co.ke/sales.php on line 440
[06-Oct-2025 02:07:15 Africa/Nairobi] PHP Warning:  include(): Failed opening 'includes/footer.php' for inclusion (include_path='.:/opt/cpanel/ea-php82/root/usr/share/pear') in /home/vxjtgclw/crm.zuri.co.ke/sales.php on line 440
[06-Oct-2025 02:07:19 Africa/Nairobi] PHP Warning:  include(includes/footer.php): Failed to open stream: No such file or directory in /home/vxjtgclw/crm.zuri.co.ke/sales.php on line 440
[06-Oct-2025 02:07:19 Africa/Nairobi] PHP Warning:  include(includes/footer.php): Failed to open stream: No such file or directory in /home/vxjtgclw/crm.zuri.co.ke/sales.php on line 440
[06-Oct-2025 02:07:19 Africa/Nairobi] PHP Warning:  include(): Failed opening 'includes/footer.php' for inclusion (include_path='.:/opt/cpanel/ea-php82/root/usr/share/pear') in /home/vxjtgclw/crm.zuri.co.ke/sales.php on line 440
[06-Oct-2025 02:07:29 Africa/Nairobi] PHP Warning:  include(includes/footer.php): Failed to open stream: No such file or directory in /home/vxjtgclw/crm.zuri.co.ke/plots.php on line 246
[06-Oct-2025 02:07:29 Africa/Nairobi] PHP Warning:  include(includes/footer.php): Failed to open stream: No such file or directory in /home/vxjtgclw/crm.zuri.co.ke/plots.php on line 246
[06-Oct-2025 02:07:29 Africa/Nairobi] PHP Warning:  include(): Failed opening 'includes/footer.php' for inclusion (include_path='.:/opt/cpanel/ea-php82/root/usr/share/pear') in /home/vxjtgclw/crm.zuri.co.ke/plots.php on line 246
[06-Oct-2025 02:07:36 Africa/Nairobi] PHP Warning:  include(includes/footer.php): Failed to open stream: No such file or directory in /home/vxjtgclw/crm.zuri.co.ke/projects.php on line 237
[06-Oct-2025 02:07:36 Africa/Nairobi] PHP Warning:  include(includes/footer.php): Failed to open stream: No such file or directory in /home/vxjtgclw/crm.zuri.co.ke/projects.php on line 237
[06-Oct-2025 02:07:36 Africa/Nairobi] PHP Warning:  include(): Failed opening 'includes/footer.php' for inclusion (include_path='.:/opt/cpanel/ea-php82/root/usr/share/pear') in /home/vxjtgclw/crm.zuri.co.ke/projects.php on line 237
[06-Oct-2025 02:07:45 Africa/Nairobi] PHP Warning:  include(includes/footer.php): Failed to open stream: No such file or directory in /home/vxjtgclw/crm.zuri.co.ke/projects.php on line 237
[06-Oct-2025 02:07:45 Africa/Nairobi] PHP Warning:  include(includes/footer.php): Failed to open stream: No such file or directory in /home/vxjtgclw/crm.zuri.co.ke/projects.php on line 237
[06-Oct-2025 02:07:45 Africa/Nairobi] PHP Warning:  include(): Failed opening 'includes/footer.php' for inclusion (include_path='.:/opt/cpanel/ea-php82/root/usr/share/pear') in /home/vxjtgclw/crm.zuri.co.ke/projects.php on line 237
[06-Oct-2025 02:08:44 Africa/Nairobi] PHP Warning:  include(includes/footer.php): Failed to open stream: No such file or directory in /home/vxjtgclw/crm.zuri.co.ke/projects.php on line 237
[06-Oct-2025 02:08:44 Africa/Nairobi] PHP Warning:  include(includes/footer.php): Failed to open stream: No such file or directory in /home/vxjtgclw/crm.zuri.co.ke/projects.php on line 237
[06-Oct-2025 02:08:44 Africa/Nairobi] PHP Warning:  include(): Failed opening 'includes/footer.php' for inclusion (include_path='.:/opt/cpanel/ea-php82/root/usr/share/pear') in /home/vxjtgclw/crm.zuri.co.ke/projects.php on line 237
[06-Oct-2025 02:08:51 Africa/Nairobi] PHP Warning:  include(includes/footer.php): Failed to open stream: No such file or directory in /home/vxjtgclw/crm.zuri.co.ke/projects.php on line 237
[06-Oct-2025 02:08:51 Africa/Nairobi] PHP Warning:  include(includes/footer.php): Failed to open stream: No such file or directory in /home/vxjtgclw/crm.zuri.co.ke/projects.php on line 237
[06-Oct-2025 02:08:51 Africa/Nairobi] PHP Warning:  include(): Failed opening 'includes/footer.php' for inclusion (include_path='.:/opt/cpanel/ea-php82/root/usr/share/pear') in /home/vxjtgclw/crm.zuri.co.ke/projects.php on line 237
[06-Oct-2025 02:08:57 Africa/Nairobi] PHP Warning:  include(includes/footer.php): Failed to open stream: No such file or directory in /home/vxjtgclw/crm.zuri.co.ke/plots.php on line 246
[06-Oct-2025 02:08:57 Africa/Nairobi] PHP Warning:  include(includes/footer.php): Failed to open stream: No such file or directory in /home/vxjtgclw/crm.zuri.co.ke/plots.php on line 246
[06-Oct-2025 02:08:57 Africa/Nairobi] PHP Warning:  include(): Failed opening 'includes/footer.php' for inclusion (include_path='.:/opt/cpanel/ea-php82/root/usr/share/pear') in /home/vxjtgclw/crm.zuri.co.ke/plots.php on line 246
[06-Oct-2025 02:09:25 Africa/Nairobi] PHP Warning:  include(includes/footer.php): Failed to open stream: No such file or directory in /home/vxjtgclw/crm.zuri.co.ke/projects.php on line 237
[06-Oct-2025 02:09:25 Africa/Nairobi] PHP Warning:  include(includes/footer.php): Failed to open stream: No such file or directory in /home/vxjtgclw/crm.zuri.co.ke/projects.php on line 237
[06-Oct-2025 02:09:25 Africa/Nairobi] PHP Warning:  include(): Failed opening 'includes/footer.php' for inclusion (include_path='.:/opt/cpanel/ea-php82/root/usr/share/pear') in /home/vxjtgclw/crm.zuri.co.ke/projects.php on line 237
[06-Oct-2025 02:09:33 Africa/Nairobi] PHP Warning:  include(includes/footer.php): Failed to open stream: No such file or directory in /home/vxjtgclw/crm.zuri.co.ke/plot-layout.php on line 285
[06-Oct-2025 02:09:33 Africa/Nairobi] PHP Warning:  include(includes/footer.php): Failed to open stream: No such file or directory in /home/vxjtgclw/crm.zuri.co.ke/plot-layout.php on line 285
[06-Oct-2025 02:09:33 Africa/Nairobi] PHP Warning:  include(): Failed opening 'includes/footer.php' for inclusion (include_path='.:/opt/cpanel/ea-php82/root/usr/share/pear') in /home/vxjtgclw/crm.zuri.co.ke/plot-layout.php on line 285
[06-Oct-2025 02:10:23 Africa/Nairobi] PHP Warning:  include(includes/footer.php): Failed to open stream: No such file or directory in /home/vxjtgclw/crm.zuri.co.ke/plot-layout.php on line 285
[06-Oct-2025 02:10:23 Africa/Nairobi] PHP Warning:  include(includes/footer.php): Failed to open stream: No such file or directory in /home/vxjtgclw/crm.zuri.co.ke/plot-layout.php on line 285
[06-Oct-2025 02:10:23 Africa/Nairobi] PHP Warning:  include(): Failed opening 'includes/footer.php' for inclusion (include_path='.:/opt/cpanel/ea-php82/root/usr/share/pear') in /home/vxjtgclw/crm.zuri.co.ke/plot-layout.php on line 285
[06-Oct-2025 02:10:35 Africa/Nairobi] PHP Warning:  include(includes/footer.php): Failed to open stream: No such file or directory in /home/vxjtgclw/crm.zuri.co.ke/plots.php on line 246
[06-Oct-2025 02:10:35 Africa/Nairobi] PHP Warning:  include(includes/footer.php): Failed to open stream: No such file or directory in /home/vxjtgclw/crm.zuri.co.ke/plots.php on line 246
[06-Oct-2025 02:10:35 Africa/Nairobi] PHP Warning:  include(): Failed opening 'includes/footer.php' for inclusion (include_path='.:/opt/cpanel/ea-php82/root/usr/share/pear') in /home/vxjtgclw/crm.zuri.co.ke/plots.php on line 246
[06-Oct-2025 02:10:42 Africa/Nairobi] PHP Warning:  include(includes/footer.php): Failed to open stream: No such file or directory in /home/vxjtgclw/crm.zuri.co.ke/projects.php on line 237
[06-Oct-2025 02:10:42 Africa/Nairobi] PHP Warning:  include(includes/footer.php): Failed to open stream: No such file or directory in /home/vxjtgclw/crm.zuri.co.ke/projects.php on line 237
[06-Oct-2025 02:10:42 Africa/Nairobi] PHP Warning:  include(): Failed opening 'includes/footer.php' for inclusion (include_path='.:/opt/cpanel/ea-php82/root/usr/share/pear') in /home/vxjtgclw/crm.zuri.co.ke/projects.php on line 237
[06-Oct-2025 02:10:45 Africa/Nairobi] PHP Warning:  include(includes/footer.php): Failed to open stream: No such file or directory in /home/vxjtgclw/crm.zuri.co.ke/projects.php on line 237
[06-Oct-2025 02:10:45 Africa/Nairobi] PHP Warning:  include(includes/footer.php): Failed to open stream: No such file or directory in /home/vxjtgclw/crm.zuri.co.ke/projects.php on line 237
[06-Oct-2025 02:10:45 Africa/Nairobi] PHP Warning:  include(): Failed opening 'includes/footer.php' for inclusion (include_path='.:/opt/cpanel/ea-php82/root/usr/share/pear') in /home/vxjtgclw/crm.zuri.co.ke/projects.php on line 237
[06-Oct-2025 02:11:50 Africa/Nairobi] PHP Warning:  include(includes/footer.php): Failed to open stream: No such file or directory in /home/vxjtgclw/crm.zuri.co.ke/projects.php on line 237
[06-Oct-2025 02:11:50 Africa/Nairobi] PHP Warning:  include(includes/footer.php): Failed to open stream: No such file or directory in /home/vxjtgclw/crm.zuri.co.ke/projects.php on line 237
[06-Oct-2025 02:11:50 Africa/Nairobi] PHP Warning:  include(): Failed opening 'includes/footer.php' for inclusion (include_path='.:/opt/cpanel/ea-php82/root/usr/share/pear') in /home/vxjtgclw/crm.zuri.co.ke/projects.php on line 237
[06-Oct-2025 02:11:59 Africa/Nairobi] PHP Warning:  include(includes/footer.php): Failed to open stream: No such file or directory in /home/vxjtgclw/crm.zuri.co.ke/dashboard.php on line 334
[06-Oct-2025 02:11:59 Africa/Nairobi] PHP Warning:  include(includes/footer.php): Failed to open stream: No such file or directory in /home/vxjtgclw/crm.zuri.co.ke/dashboard.php on line 334
[06-Oct-2025 02:11:59 Africa/Nairobi] PHP Warning:  include(): Failed opening 'includes/footer.php' for inclusion (include_path='.:/opt/cpanel/ea-php82/root/usr/share/pear') in /home/vxjtgclw/crm.zuri.co.ke/dashboard.php on line 334
[06-Oct-2025 02:12:20 Africa/Nairobi] PHP Deprecated:  trim(): Passing null to parameter #1 ($string) of type string is deprecated in /home/vxjtgclw/crm.zuri.co.ke/config.php on line 93
[06-Oct-2025 02:12:20 Africa/Nairobi] PHP Warning:  include(includes/footer.php): Failed to open stream: No such file or directory in /home/vxjtgclw/crm.zuri.co.ke/settings.php on line 268
[06-Oct-2025 02:12:20 Africa/Nairobi] PHP Warning:  include(includes/footer.php): Failed to open stream: No such file or directory in /home/vxjtgclw/crm.zuri.co.ke/settings.php on line 268
[06-Oct-2025 02:12:20 Africa/Nairobi] PHP Warning:  include(): Failed opening 'includes/footer.php' for inclusion (include_path='.:/opt/cpanel/ea-php82/root/usr/share/pear') in /home/vxjtgclw/crm.zuri.co.ke/settings.php on line 268
[06-Oct-2025 02:12:44 Africa/Nairobi] PHP Warning:  include(includes/footer.php): Failed to open stream: No such file or directory in /home/vxjtgclw/crm.zuri.co.ke/dashboard.php on line 334
[06-Oct-2025 02:12:44 Africa/Nairobi] PHP Warning:  include(includes/footer.php): Failed to open stream: No such file or directory in /home/vxjtgclw/crm.zuri.co.ke/dashboard.php on line 334
[06-Oct-2025 02:12:44 Africa/Nairobi] PHP Warning:  include(): Failed opening 'includes/footer.php' for inclusion (include_path='.:/opt/cpanel/ea-php82/root/usr/share/pear') in /home/vxjtgclw/crm.zuri.co.ke/dashboard.php on line 334
[06-Oct-2025 02:12:48 Africa/Nairobi] PHP Warning:  include(includes/footer.php): Failed to open stream: No such file or directory in /home/vxjtgclw/crm.zuri.co.ke/dashboard.php on line 334
[06-Oct-2025 02:12:48 Africa/Nairobi] PHP Warning:  include(includes/footer.php): Failed to open stream: No such file or directory in /home/vxjtgclw/crm.zuri.co.ke/dashboard.php on line 334
[06-Oct-2025 02:12:48 Africa/Nairobi] PHP Warning:  include(): Failed opening 'includes/footer.php' for inclusion (include_path='.:/opt/cpanel/ea-php82/root/usr/share/pear') in /home/vxjtgclw/crm.zuri.co.ke/dashboard.php on line 334
[06-Oct-2025 02:13:58 Africa/Nairobi] PHP Warning:  include(includes/footer.php): Failed to open stream: No such file or directory in /home/vxjtgclw/crm.zuri.co.ke/leads.php on line 499
[06-Oct-2025 02:13:58 Africa/Nairobi] PHP Warning:  include(includes/footer.php): Failed to open stream: No such file or directory in /home/vxjtgclw/crm.zuri.co.ke/leads.php on line 499
[06-Oct-2025 02:13:58 Africa/Nairobi] PHP Warning:  include(): Failed opening 'includes/footer.php' for inclusion (include_path='.:/opt/cpanel/ea-php82/root/usr/share/pear') in /home/vxjtgclw/crm.zuri.co.ke/leads.php on line 499
[06-Oct-2025 02:14:22 Africa/Nairobi] PHP Warning:  include(includes/footer.php): Failed to open stream: No such file or directory in /home/vxjtgclw/crm.zuri.co.ke/leads.php on line 499
[06-Oct-2025 02:14:22 Africa/Nairobi] PHP Warning:  include(includes/footer.php): Failed to open stream: No such file or directory in /home/vxjtgclw/crm.zuri.co.ke/leads.php on line 499
[06-Oct-2025 02:14:22 Africa/Nairobi] PHP Warning:  include(): Failed opening 'includes/footer.php' for inclusion (include_path='.:/opt/cpanel/ea-php82/root/usr/share/pear') in /home/vxjtgclw/crm.zuri.co.ke/leads.php on line 499
[06-Oct-2025 02:14:30 Africa/Nairobi] PHP Warning:  include(includes/footer.php): Failed to open stream: No such file or directory in /home/vxjtgclw/crm.zuri.co.ke/users.php on line 216
[06-Oct-2025 02:14:30 Africa/Nairobi] PHP Warning:  include(includes/footer.php): Failed to open stream: No such file or directory in /home/vxjtgclw/crm.zuri.co.ke/users.php on line 216
[06-Oct-2025 02:14:30 Africa/Nairobi] PHP Warning:  include(): Failed opening 'includes/footer.php' for inclusion (include_path='.:/opt/cpanel/ea-php82/root/usr/share/pear') in /home/vxjtgclw/crm.zuri.co.ke/users.php on line 216
[06-Oct-2025 02:14:34 Africa/Nairobi] PHP Warning:  include(includes/footer.php): Failed to open stream: No such file or directory in /home/vxjtgclw/crm.zuri.co.ke/users.php on line 216
[06-Oct-2025 02:14:34 Africa/Nairobi] PHP Warning:  include(includes/footer.php): Failed to open stream: No such file or directory in /home/vxjtgclw/crm.zuri.co.ke/users.php on line 216
[06-Oct-2025 02:14:34 Africa/Nairobi] PHP Warning:  include(): Failed opening 'includes/footer.php' for inclusion (include_path='.:/opt/cpanel/ea-php82/root/usr/share/pear') in /home/vxjtgclw/crm.zuri.co.ke/users.php on line 216
[06-Oct-2025 02:15:19 Africa/Nairobi] PHP Warning:  include(includes/footer.php): Failed to open stream: No such file or directory in /home/vxjtgclw/crm.zuri.co.ke/users.php on line 216
[06-Oct-2025 02:15:19 Africa/Nairobi] PHP Warning:  include(includes/footer.php): Failed to open stream: No such file or directory in /home/vxjtgclw/crm.zuri.co.ke/users.php on line 216
[06-Oct-2025 02:15:19 Africa/Nairobi] PHP Warning:  include(): Failed opening 'includes/footer.php' for inclusion (include_path='.:/opt/cpanel/ea-php82/root/usr/share/pear') in /home/vxjtgclw/crm.zuri.co.ke/users.php on line 216
[06-Oct-2025 02:15:24 Africa/Nairobi] PHP Warning:  include(includes/footer.php): Failed to open stream: No such file or directory in /home/vxjtgclw/crm.zuri.co.ke/dashboard.php on line 334
[06-Oct-2025 02:15:24 Africa/Nairobi] PHP Warning:  include(includes/footer.php): Failed to open stream: No such file or directory in /home/vxjtgclw/crm.zuri.co.ke/dashboard.php on line 334
[06-Oct-2025 02:15:24 Africa/Nairobi] PHP Warning:  include(): Failed opening 'includes/footer.php' for inclusion (include_path='.:/opt/cpanel/ea-php82/root/usr/share/pear') in /home/vxjtgclw/crm.zuri.co.ke/dashboard.php on line 334
[06-Oct-2025 02:15:36 Africa/Nairobi] PHP Warning:  include(includes/footer.php): Failed to open stream: No such file or directory in /home/vxjtgclw/crm.zuri.co.ke/users.php on line 216
[06-Oct-2025 02:15:36 Africa/Nairobi] PHP Warning:  include(includes/footer.php): Failed to open stream: No such file or directory in /home/vxjtgclw/crm.zuri.co.ke/users.php on line 216
[06-Oct-2025 02:15:36 Africa/Nairobi] PHP Warning:  include(): Failed opening 'includes/footer.php' for inclusion (include_path='.:/opt/cpanel/ea-php82/root/usr/share/pear') in /home/vxjtgclw/crm.zuri.co.ke/users.php on line 216
[06-Oct-2025 02:15:45 Africa/Nairobi] PHP Warning:  include(includes/footer.php): Failed to open stream: No such file or directory in /home/vxjtgclw/crm.zuri.co.ke/users.php on line 216
[06-Oct-2025 02:15:45 Africa/Nairobi] PHP Warning:  include(includes/footer.php): Failed to open stream: No such file or directory in /home/vxjtgclw/crm.zuri.co.ke/users.php on line 216
[06-Oct-2025 02:15:45 Africa/Nairobi] PHP Warning:  include(): Failed opening 'includes/footer.php' for inclusion (include_path='.:/opt/cpanel/ea-php82/root/usr/share/pear') in /home/vxjtgclw/crm.zuri.co.ke/users.php on line 216
[06-Oct-2025 02:15:57 Africa/Nairobi] PHP Warning:  include(includes/footer.php): Failed to open stream: No such file or directory in /home/vxjtgclw/crm.zuri.co.ke/payroll.php on line 202
[06-Oct-2025 02:15:57 Africa/Nairobi] PHP Warning:  include(includes/footer.php): Failed to open stream: No such file or directory in /home/vxjtgclw/crm.zuri.co.ke/payroll.php on line 202
[06-Oct-2025 02:15:57 Africa/Nairobi] PHP Warning:  include(): Failed opening 'includes/footer.php' for inclusion (include_path='.:/opt/cpanel/ea-php82/root/usr/share/pear') in /home/vxjtgclw/crm.zuri.co.ke/payroll.php on line 202
[06-Oct-2025 02:16:06 Africa/Nairobi] PHP Warning:  include(includes/footer.php): Failed to open stream: No such file or directory in /home/vxjtgclw/crm.zuri.co.ke/payroll.php on line 202
[06-Oct-2025 02:16:06 Africa/Nairobi] PHP Warning:  include(includes/footer.php): Failed to open stream: No such file or directory in /home/vxjtgclw/crm.zuri.co.ke/payroll.php on line 202
[06-Oct-2025 02:16:06 Africa/Nairobi] PHP Warning:  include(): Failed opening 'includes/footer.php' for inclusion (include_path='.:/opt/cpanel/ea-php82/root/usr/share/pear') in /home/vxjtgclw/crm.zuri.co.ke/payroll.php on line 202
[06-Oct-2025 02:16:17 Africa/Nairobi] PHP Warning:  include(includes/footer.php): Failed to open stream: No such file or directory in /home/vxjtgclw/crm.zuri.co.ke/leads.php on line 499
[06-Oct-2025 02:16:17 Africa/Nairobi] PHP Warning:  include(includes/footer.php): Failed to open stream: No such file or directory in /home/vxjtgclw/crm.zuri.co.ke/leads.php on line 499
[06-Oct-2025 02:16:17 Africa/Nairobi] PHP Warning:  include(): Failed opening 'includes/footer.php' for inclusion (include_path='.:/opt/cpanel/ea-php82/root/usr/share/pear') in /home/vxjtgclw/crm.zuri.co.ke/leads.php on line 499
[06-Oct-2025 02:16:20 Africa/Nairobi] PHP Warning:  include(includes/footer.php): Failed to open stream: No such file or directory in /home/vxjtgclw/crm.zuri.co.ke/leads.php on line 499
[06-Oct-2025 02:16:20 Africa/Nairobi] PHP Warning:  include(includes/footer.php): Failed to open stream: No such file or directory in /home/vxjtgclw/crm.zuri.co.ke/leads.php on line 499
[06-Oct-2025 02:16:20 Africa/Nairobi] PHP Warning:  include(): Failed opening 'includes/footer.php' for inclusion (include_path='.:/opt/cpanel/ea-php82/root/usr/share/pear') in /home/vxjtgclw/crm.zuri.co.ke/leads.php on line 499
[06-Oct-2025 02:16:43 Africa/Nairobi] PHP Warning:  include(includes/footer.php): Failed to open stream: No such file or directory in /home/vxjtgclw/crm.zuri.co.ke/site-visits.php on line 207
[06-Oct-2025 02:16:43 Africa/Nairobi] PHP Warning:  include(includes/footer.php): Failed to open stream: No such file or directory in /home/vxjtgclw/crm.zuri.co.ke/site-visits.php on line 207
[06-Oct-2025 02:16:43 Africa/Nairobi] PHP Warning:  include(): Failed opening 'includes/footer.php' for inclusion (include_path='.:/opt/cpanel/ea-php82/root/usr/share/pear') in /home/vxjtgclw/crm.zuri.co.ke/site-visits.php on line 207
[06-Oct-2025 02:16:46 Africa/Nairobi] PHP Warning:  include(includes/footer.php): Failed to open stream: No such file or directory in /home/vxjtgclw/crm.zuri.co.ke/site-visits.php on line 207
[06-Oct-2025 02:16:46 Africa/Nairobi] PHP Warning:  include(includes/footer.php): Failed to open stream: No such file or directory in /home/vxjtgclw/crm.zuri.co.ke/site-visits.php on line 207
[06-Oct-2025 02:16:46 Africa/Nairobi] PHP Warning:  include(): Failed opening 'includes/footer.php' for inclusion (include_path='.:/opt/cpanel/ea-php82/root/usr/share/pear') in /home/vxjtgclw/crm.zuri.co.ke/site-visits.php on line 207
[06-Oct-2025 02:17:34 Africa/Nairobi] PHP Warning:  include(includes/footer.php): Failed to open stream: No such file or directory in /home/vxjtgclw/crm.zuri.co.ke/site-visits.php on line 207
[06-Oct-2025 02:17:34 Africa/Nairobi] PHP Warning:  include(includes/footer.php): Failed to open stream: No such file or directory in /home/vxjtgclw/crm.zuri.co.ke/site-visits.php on line 207
[06-Oct-2025 02:17:34 Africa/Nairobi] PHP Warning:  include(): Failed opening 'includes/footer.php' for inclusion (include_path='.:/opt/cpanel/ea-php82/root/usr/share/pear') in /home/vxjtgclw/crm.zuri.co.ke/site-visits.php on line 207
[06-Oct-2025 02:17:53 Africa/Nairobi] PHP Warning:  include(includes/footer.php): Failed to open stream: No such file or directory in /home/vxjtgclw/crm.zuri.co.ke/clients.php on line 359
[06-Oct-2025 02:17:53 Africa/Nairobi] PHP Warning:  include(includes/footer.php): Failed to open stream: No such file or directory in /home/vxjtgclw/crm.zuri.co.ke/clients.php on line 359
[06-Oct-2025 02:17:53 Africa/Nairobi] PHP Warning:  include(): Failed opening 'includes/footer.php' for inclusion (include_path='.:/opt/cpanel/ea-php82/root/usr/share/pear') in /home/vxjtgclw/crm.zuri.co.ke/clients.php on line 359
[06-Oct-2025 02:17:56 Africa/Nairobi] PHP Warning:  include(includes/footer.php): Failed to open stream: No such file or directory in /home/vxjtgclw/crm.zuri.co.ke/clients.php on line 359
[06-Oct-2025 02:17:56 Africa/Nairobi] PHP Warning:  include(includes/footer.php): Failed to open stream: No such file or directory in /home/vxjtgclw/crm.zuri.co.ke/clients.php on line 359
[06-Oct-2025 02:17:56 Africa/Nairobi] PHP Warning:  include(): Failed opening 'includes/footer.php' for inclusion (include_path='.:/opt/cpanel/ea-php82/root/usr/share/pear') in /home/vxjtgclw/crm.zuri.co.ke/clients.php on line 359
[06-Oct-2025 02:18:19 Africa/Nairobi] PHP Fatal error:  Uncaught PDOException: SQLSTATE[23000]: Integrity constraint violation: 1452 Cannot add or update a child row: a foreign key constraint fails (`vxjtgclw_crm`.`clients`, CONSTRAINT `clients_ibfk_1` FOREIGN KEY (`assigned_agent`) REFERENCES `users` (`id`) ON DELETE SET NULL) in /home/vxjtgclw/crm.zuri.co.ke/clients.php:22
Stack trace:
#0 /home/vxjtgclw/crm.zuri.co.ke/clients.php(22): PDOStatement->execute(Array)
#1 {main}
  thrown in /home/vxjtgclw/crm.zuri.co.ke/clients.php on line 22
[06-Oct-2025 02:18:27 Africa/Nairobi] PHP Warning:  include(includes/footer.php): Failed to open stream: No such file or directory in /home/vxjtgclw/crm.zuri.co.ke/clients.php on line 359
[06-Oct-2025 02:18:27 Africa/Nairobi] PHP Warning:  include(includes/footer.php): Failed to open stream: No such file or directory in /home/vxjtgclw/crm.zuri.co.ke/clients.php on line 359
[06-Oct-2025 02:18:27 Africa/Nairobi] PHP Warning:  include(): Failed opening 'includes/footer.php' for inclusion (include_path='.:/opt/cpanel/ea-php82/root/usr/share/pear') in /home/vxjtgclw/crm.zuri.co.ke/clients.php on line 359
[06-Oct-2025 02:18:32 Africa/Nairobi] PHP Warning:  include(includes/footer.php): Failed to open stream: No such file or directory in /home/vxjtgclw/crm.zuri.co.ke/clients.php on line 359
[06-Oct-2025 02:18:32 Africa/Nairobi] PHP Warning:  include(includes/footer.php): Failed to open stream: No such file or directory in /home/vxjtgclw/crm.zuri.co.ke/clients.php on line 359
[06-Oct-2025 02:18:32 Africa/Nairobi] PHP Warning:  include(): Failed opening 'includes/footer.php' for inclusion (include_path='.:/opt/cpanel/ea-php82/root/usr/share/pear') in /home/vxjtgclw/crm.zuri.co.ke/clients.php on line 359
[06-Oct-2025 02:25:16 Africa/Nairobi] PHP Warning:  include(includes/footer.php): Failed to open stream: No such file or directory in /home/vxjtgclw/crm.zuri.co.ke/clients.php on line 369
[06-Oct-2025 02:25:16 Africa/Nairobi] PHP Warning:  include(includes/footer.php): Failed to open stream: No such file or directory in /home/vxjtgclw/crm.zuri.co.ke/clients.php on line 369
[06-Oct-2025 02:25:16 Africa/Nairobi] PHP Warning:  include(): Failed opening 'includes/footer.php' for inclusion (include_path='.:/opt/cpanel/ea-php82/root/usr/share/pear') in /home/vxjtgclw/crm.zuri.co.ke/clients.php on line 369
[06-Oct-2025 02:25:18 Africa/Nairobi] PHP Warning:  include(includes/footer.php): Failed to open stream: No such file or directory in /home/vxjtgclw/crm.zuri.co.ke/clients.php on line 369
[06-Oct-2025 02:25:18 Africa/Nairobi] PHP Warning:  include(includes/footer.php): Failed to open stream: No such file or directory in /home/vxjtgclw/crm.zuri.co.ke/clients.php on line 369
[06-Oct-2025 02:25:18 Africa/Nairobi] PHP Warning:  include(): Failed opening 'includes/footer.php' for inclusion (include_path='.:/opt/cpanel/ea-php82/root/usr/share/pear') in /home/vxjtgclw/crm.zuri.co.ke/clients.php on line 369
[06-Oct-2025 02:25:29 Africa/Nairobi] PHP Warning:  include(includes/footer.php): Failed to open stream: No such file or directory in /home/vxjtgclw/crm.zuri.co.ke/clients.php on line 369
[06-Oct-2025 02:25:29 Africa/Nairobi] PHP Warning:  include(includes/footer.php): Failed to open stream: No such file or directory in /home/vxjtgclw/crm.zuri.co.ke/clients.php on line 369
[06-Oct-2025 02:25:29 Africa/Nairobi] PHP Warning:  include(): Failed opening 'includes/footer.php' for inclusion (include_path='.:/opt/cpanel/ea-php82/root/usr/share/pear') in /home/vxjtgclw/crm.zuri.co.ke/clients.php on line 369
[06-Oct-2025 02:25:34 Africa/Nairobi] PHP Warning:  include(includes/footer.php): Failed to open stream: No such file or directory in /home/vxjtgclw/crm.zuri.co.ke/clients.php on line 369
[06-Oct-2025 02:25:34 Africa/Nairobi] PHP Warning:  include(includes/footer.php): Failed to open stream: No such file or directory in /home/vxjtgclw/crm.zuri.co.ke/clients.php on line 369
[06-Oct-2025 02:25:34 Africa/Nairobi] PHP Warning:  include(): Failed opening 'includes/footer.php' for inclusion (include_path='.:/opt/cpanel/ea-php82/root/usr/share/pear') in /home/vxjtgclw/crm.zuri.co.ke/clients.php on line 369
[06-Oct-2025 02:25:46 Africa/Nairobi] PHP Warning:  include(includes/footer.php): Failed to open stream: No such file or directory in /home/vxjtgclw/crm.zuri.co.ke/projects.php on line 237
[06-Oct-2025 02:25:46 Africa/Nairobi] PHP Warning:  include(includes/footer.php): Failed to open stream: No such file or directory in /home/vxjtgclw/crm.zuri.co.ke/projects.php on line 237
[06-Oct-2025 02:25:46 Africa/Nairobi] PHP Warning:  include(): Failed opening 'includes/footer.php' for inclusion (include_path='.:/opt/cpanel/ea-php82/root/usr/share/pear') in /home/vxjtgclw/crm.zuri.co.ke/projects.php on line 237
[06-Oct-2025 02:25:59 Africa/Nairobi] PHP Warning:  include(includes/footer.php): Failed to open stream: No such file or directory in /home/vxjtgclw/crm.zuri.co.ke/projects.php on line 237
[06-Oct-2025 02:25:59 Africa/Nairobi] PHP Warning:  include(includes/footer.php): Failed to open stream: No such file or directory in /home/vxjtgclw/crm.zuri.co.ke/projects.php on line 237
[06-Oct-2025 02:25:59 Africa/Nairobi] PHP Warning:  include(): Failed opening 'includes/footer.php' for inclusion (include_path='.:/opt/cpanel/ea-php82/root/usr/share/pear') in /home/vxjtgclw/crm.zuri.co.ke/projects.php on line 237
[06-Oct-2025 02:26:09 Africa/Nairobi] PHP Warning:  include(includes/footer.php): Failed to open stream: No such file or directory in /home/vxjtgclw/crm.zuri.co.ke/projects.php on line 237
[06-Oct-2025 02:26:09 Africa/Nairobi] PHP Warning:  include(includes/footer.php): Failed to open stream: No such file or directory in /home/vxjtgclw/crm.zuri.co.ke/projects.php on line 237
[06-Oct-2025 02:26:09 Africa/Nairobi] PHP Warning:  include(): Failed opening 'includes/footer.php' for inclusion (include_path='.:/opt/cpanel/ea-php82/root/usr/share/pear') in /home/vxjtgclw/crm.zuri.co.ke/projects.php on line 237
[06-Oct-2025 02:26:13 Africa/Nairobi] PHP Warning:  include(includes/footer.php): Failed to open stream: No such file or directory in /home/vxjtgclw/crm.zuri.co.ke/plot-layout.php on line 285
[06-Oct-2025 02:26:13 Africa/Nairobi] PHP Warning:  include(includes/footer.php): Failed to open stream: No such file or directory in /home/vxjtgclw/crm.zuri.co.ke/plot-layout.php on line 285
[06-Oct-2025 02:26:13 Africa/Nairobi] PHP Warning:  include(): Failed opening 'includes/footer.php' for inclusion (include_path='.:/opt/cpanel/ea-php82/root/usr/share/pear') in /home/vxjtgclw/crm.zuri.co.ke/plot-layout.php on line 285
[06-Oct-2025 02:26:34 Africa/Nairobi] PHP Warning:  include(includes/footer.php): Failed to open stream: No such file or directory in /home/vxjtgclw/crm.zuri.co.ke/sales.php on line 440
[06-Oct-2025 02:26:34 Africa/Nairobi] PHP Warning:  include(includes/footer.php): Failed to open stream: No such file or directory in /home/vxjtgclw/crm.zuri.co.ke/sales.php on line 440
[06-Oct-2025 02:26:34 Africa/Nairobi] PHP Warning:  include(): Failed opening 'includes/footer.php' for inclusion (include_path='.:/opt/cpanel/ea-php82/root/usr/share/pear') in /home/vxjtgclw/crm.zuri.co.ke/sales.php on line 440
[06-Oct-2025 02:26:41 Africa/Nairobi] PHP Warning:  include(includes/footer.php): Failed to open stream: No such file or directory in /home/vxjtgclw/crm.zuri.co.ke/reports.php on line 258
[06-Oct-2025 02:26:41 Africa/Nairobi] PHP Warning:  include(includes/footer.php): Failed to open stream: No such file or directory in /home/vxjtgclw/crm.zuri.co.ke/reports.php on line 258
[06-Oct-2025 02:26:41 Africa/Nairobi] PHP Warning:  include(): Failed opening 'includes/footer.php' for inclusion (include_path='.:/opt/cpanel/ea-php82/root/usr/share/pear') in /home/vxjtgclw/crm.zuri.co.ke/reports.php on line 258
[06-Oct-2025 02:28:42 Africa/Nairobi] PHP Warning:  include(includes/footer.php): Failed to open stream: No such file or directory in /home/vxjtgclw/crm.zuri.co.ke/reports.php on line 258
[06-Oct-2025 02:28:42 Africa/Nairobi] PHP Warning:  include(includes/footer.php): Failed to open stream: No such file or directory in /home/vxjtgclw/crm.zuri.co.ke/reports.php on line 258
[06-Oct-2025 02:28:42 Africa/Nairobi] PHP Warning:  include(): Failed opening 'includes/footer.php' for inclusion (include_path='.:/opt/cpanel/ea-php82/root/usr/share/pear') in /home/vxjtgclw/crm.zuri.co.ke/reports.php on line 258
[06-Oct-2025 02:28:48 Africa/Nairobi] PHP Deprecated:  trim(): Passing null to parameter #1 ($string) of type string is deprecated in /home/vxjtgclw/crm.zuri.co.ke/config.php on line 93
[06-Oct-2025 02:28:48 Africa/Nairobi] PHP Warning:  include(includes/footer.php): Failed to open stream: No such file or directory in /home/vxjtgclw/crm.zuri.co.ke/settings.php on line 268
[06-Oct-2025 02:28:48 Africa/Nairobi] PHP Warning:  include(includes/footer.php): Failed to open stream: No such file or directory in /home/vxjtgclw/crm.zuri.co.ke/settings.php on line 268
[06-Oct-2025 02:28:48 Africa/Nairobi] PHP Warning:  include(): Failed opening 'includes/footer.php' for inclusion (include_path='.:/opt/cpanel/ea-php82/root/usr/share/pear') in /home/vxjtgclw/crm.zuri.co.ke/settings.php on line 268
[06-Oct-2025 02:35:49 Africa/Nairobi] PHP Warning:  include(includes/footer.php): Failed to open stream: No such file or directory in /home/vxjtgclw/crm.zuri.co.ke/dashboard.php on line 334
[06-Oct-2025 02:35:49 Africa/Nairobi] PHP Warning:  include(includes/footer.php): Failed to open stream: No such file or directory in /home/vxjtgclw/crm.zuri.co.ke/dashboard.php on line 334
[06-Oct-2025 02:35:49 Africa/Nairobi] PHP Warning:  include(): Failed opening 'includes/footer.php' for inclusion (include_path='.:/opt/cpanel/ea-php82/root/usr/share/pear') in /home/vxjtgclw/crm.zuri.co.ke/dashboard.php on line 334
[06-Oct-2025 02:46:16 Africa/Nairobi] PHP Warning:  include(includes/footer.php): Failed to open stream: No such file or directory in /home/vxjtgclw/crm.zuri.co.ke/dashboard.php on line 671
[06-Oct-2025 02:46:16 Africa/Nairobi] PHP Warning:  include(includes/footer.php): Failed to open stream: No such file or directory in /home/vxjtgclw/crm.zuri.co.ke/dashboard.php on line 671
[06-Oct-2025 02:46:16 Africa/Nairobi] PHP Warning:  include(): Failed opening 'includes/footer.php' for inclusion (include_path='.:/opt/cpanel/ea-php82/root/usr/share/pear') in /home/vxjtgclw/crm.zuri.co.ke/dashboard.php on line 671
[06-Oct-2025 02:47:13 Africa/Nairobi] PHP Warning:  include(includes/footer.php): Failed to open stream: No such file or directory in /home/vxjtgclw/crm.zuri.co.ke/dashboard.php on line 671
[06-Oct-2025 02:47:13 Africa/Nairobi] PHP Warning:  include(includes/footer.php): Failed to open stream: No such file or directory in /home/vxjtgclw/crm.zuri.co.ke/dashboard.php on line 671
[06-Oct-2025 02:47:13 Africa/Nairobi] PHP Warning:  include(): Failed opening 'includes/footer.php' for inclusion (include_path='.:/opt/cpanel/ea-php82/root/usr/share/pear') in /home/vxjtgclw/crm.zuri.co.ke/dashboard.php on line 671
[06-Oct-2025 02:47:33 Africa/Nairobi] PHP Warning:  include(includes/footer.php): Failed to open stream: No such file or directory in /home/vxjtgclw/crm.zuri.co.ke/dashboard.php on line 671
[06-Oct-2025 02:47:33 Africa/Nairobi] PHP Warning:  include(includes/footer.php): Failed to open stream: No such file or directory in /home/vxjtgclw/crm.zuri.co.ke/dashboard.php on line 671
[06-Oct-2025 02:47:33 Africa/Nairobi] PHP Warning:  include(): Failed opening 'includes/footer.php' for inclusion (include_path='.:/opt/cpanel/ea-php82/root/usr/share/pear') in /home/vxjtgclw/crm.zuri.co.ke/dashboard.php on line 671
[06-Oct-2025 02:52:36 Africa/Nairobi] PHP Warning:  include(includes/footer.php): Failed to open stream: No such file or directory in /home/vxjtgclw/crm.zuri.co.ke/dashboard.php on line 671
[06-Oct-2025 02:52:36 Africa/Nairobi] PHP Warning:  include(includes/footer.php): Failed to open stream: No such file or directory in /home/vxjtgclw/crm.zuri.co.ke/dashboard.php on line 671
[06-Oct-2025 02:52:36 Africa/Nairobi] PHP Warning:  include(): Failed opening 'includes/footer.php' for inclusion (include_path='.:/opt/cpanel/ea-php82/root/usr/share/pear') in /home/vxjtgclw/crm.zuri.co.ke/dashboard.php on line 671
[06-Oct-2025 02:54:43 Africa/Nairobi] PHP Warning:  include(includes/footer.php): Failed to open stream: No such file or directory in /home/vxjtgclw/crm.zuri.co.ke/dashboard.php on line 685
[06-Oct-2025 02:54:43 Africa/Nairobi] PHP Warning:  include(includes/footer.php): Failed to open stream: No such file or directory in /home/vxjtgclw/crm.zuri.co.ke/dashboard.php on line 685
[06-Oct-2025 02:54:43 Africa/Nairobi] PHP Warning:  include(): Failed opening 'includes/footer.php' for inclusion (include_path='.:/opt/cpanel/ea-php82/root/usr/share/pear') in /home/vxjtgclw/crm.zuri.co.ke/dashboard.php on line 685
[06-Oct-2025 02:55:34 Africa/Nairobi] PHP Warning:  include(includes/footer.php): Failed to open stream: No such file or directory in /home/vxjtgclw/crm.zuri.co.ke/dashboard.php on line 685
[06-Oct-2025 02:55:34 Africa/Nairobi] PHP Warning:  include(includes/footer.php): Failed to open stream: No such file or directory in /home/vxjtgclw/crm.zuri.co.ke/dashboard.php on line 685
[06-Oct-2025 02:55:34 Africa/Nairobi] PHP Warning:  include(): Failed opening 'includes/footer.php' for inclusion (include_path='.:/opt/cpanel/ea-php82/root/usr/share/pear') in /home/vxjtgclw/crm.zuri.co.ke/dashboard.php on line 685
[06-Oct-2025 02:59:11 Africa/Nairobi] PHP Warning:  include(includes/footer.php): Failed to open stream: No such file or directory in /home/vxjtgclw/crm.zuri.co.ke/documents.php on line 177
[06-Oct-2025 02:59:11 Africa/Nairobi] PHP Warning:  include(includes/footer.php): Failed to open stream: No such file or directory in /home/vxjtgclw/crm.zuri.co.ke/documents.php on line 177
[06-Oct-2025 02:59:11 Africa/Nairobi] PHP Warning:  include(): Failed opening 'includes/footer.php' for inclusion (include_path='.:/opt/cpanel/ea-php82/root/usr/share/pear') in /home/vxjtgclw/crm.zuri.co.ke/documents.php on line 177
[06-Oct-2025 02:59:16 Africa/Nairobi] PHP Warning:  include(includes/footer.php): Failed to open stream: No such file or directory in /home/vxjtgclw/crm.zuri.co.ke/documents.php on line 177
[06-Oct-2025 02:59:16 Africa/Nairobi] PHP Warning:  include(includes/footer.php): Failed to open stream: No such file or directory in /home/vxjtgclw/crm.zuri.co.ke/documents.php on line 177
[06-Oct-2025 02:59:16 Africa/Nairobi] PHP Warning:  include(): Failed opening 'includes/footer.php' for inclusion (include_path='.:/opt/cpanel/ea-php82/root/usr/share/pear') in /home/vxjtgclw/crm.zuri.co.ke/documents.php on line 177
[06-Oct-2025 02:59:57 Africa/Nairobi] PHP Warning:  include(includes/footer.php): Failed to open stream: No such file or directory in /home/vxjtgclw/crm.zuri.co.ke/dashboard.php on line 685
[06-Oct-2025 02:59:57 Africa/Nairobi] PHP Warning:  include(includes/footer.php): Failed to open stream: No such file or directory in /home/vxjtgclw/crm.zuri.co.ke/dashboard.php on line 685
[06-Oct-2025 02:59:57 Africa/Nairobi] PHP Warning:  include(): Failed opening 'includes/footer.php' for inclusion (include_path='.:/opt/cpanel/ea-php82/root/usr/share/pear') in /home/vxjtgclw/crm.zuri.co.ke/dashboard.php on line 685
[06-Oct-2025 02:59:59 Africa/Nairobi] PHP Warning:  include(includes/footer.php): Failed to open stream: No such file or directory in /home/vxjtgclw/crm.zuri.co.ke/projects.php on line 237
[06-Oct-2025 02:59:59 Africa/Nairobi] PHP Warning:  include(includes/footer.php): Failed to open stream: No such file or directory in /home/vxjtgclw/crm.zuri.co.ke/projects.php on line 237
[06-Oct-2025 02:59:59 Africa/Nairobi] PHP Warning:  include(): Failed opening 'includes/footer.php' for inclusion (include_path='.:/opt/cpanel/ea-php82/root/usr/share/pear') in /home/vxjtgclw/crm.zuri.co.ke/projects.php on line 237
[06-Oct-2025 03:00:17 Africa/Nairobi] PHP Warning:  include(includes/footer.php): Failed to open stream: No such file or directory in /home/vxjtgclw/crm.zuri.co.ke/attendance.php on line 247
[06-Oct-2025 03:00:17 Africa/Nairobi] PHP Warning:  include(includes/footer.php): Failed to open stream: No such file or directory in /home/vxjtgclw/crm.zuri.co.ke/attendance.php on line 247
[06-Oct-2025 03:00:17 Africa/Nairobi] PHP Warning:  include(): Failed opening 'includes/footer.php' for inclusion (include_path='.:/opt/cpanel/ea-php82/root/usr/share/pear') in /home/vxjtgclw/crm.zuri.co.ke/attendance.php on line 247
[06-Oct-2025 03:08:18 Africa/Nairobi] PHP Warning:  include(includes/footer.php): Failed to open stream: No such file or directory in /home/vxjtgclw/crm.zuri.co.ke/dashboard.php on line 685
[06-Oct-2025 03:08:18 Africa/Nairobi] PHP Warning:  include(includes/footer.php): Failed to open stream: No such file or directory in /home/vxjtgclw/crm.zuri.co.ke/dashboard.php on line 685
[06-Oct-2025 03:08:18 Africa/Nairobi] PHP Warning:  include(): Failed opening 'includes/footer.php' for inclusion (include_path='.:/opt/cpanel/ea-php82/root/usr/share/pear') in /home/vxjtgclw/crm.zuri.co.ke/dashboard.php on line 685
[06-Oct-2025 03:11:13 Africa/Nairobi] PHP Warning:  include(includes/footer.php): Failed to open stream: No such file or directory in /home/vxjtgclw/crm.zuri.co.ke/dashboard.php on line 695
[06-Oct-2025 03:11:13 Africa/Nairobi] PHP Warning:  include(includes/footer.php): Failed to open stream: No such file or directory in /home/vxjtgclw/crm.zuri.co.ke/dashboard.php on line 695
[06-Oct-2025 03:11:13 Africa/Nairobi] PHP Warning:  include(): Failed opening 'includes/footer.php' for inclusion (include_path='.:/opt/cpanel/ea-php82/root/usr/share/pear') in /home/vxjtgclw/crm.zuri.co.ke/dashboard.php on line 695
[06-Oct-2025 03:12:50 Africa/Nairobi] PHP Warning:  include(includes/footer.php): Failed to open stream: No such file or directory in /home/vxjtgclw/crm.zuri.co.ke/dashboard.php on line 695
[06-Oct-2025 03:12:50 Africa/Nairobi] PHP Warning:  include(includes/footer.php): Failed to open stream: No such file or directory in /home/vxjtgclw/crm.zuri.co.ke/dashboard.php on line 695
[06-Oct-2025 03:12:50 Africa/Nairobi] PHP Warning:  include(): Failed opening 'includes/footer.php' for inclusion (include_path='.:/opt/cpanel/ea-php82/root/usr/share/pear') in /home/vxjtgclw/crm.zuri.co.ke/dashboard.php on line 695
[06-Oct-2025 03:13:13 Africa/Nairobi] PHP Warning:  include(includes/footer.php): Failed to open stream: No such file or directory in /home/vxjtgclw/crm.zuri.co.ke/plots.php on line 246
[06-Oct-2025 03:13:13 Africa/Nairobi] PHP Warning:  include(includes/footer.php): Failed to open stream: No such file or directory in /home/vxjtgclw/crm.zuri.co.ke/plots.php on line 246
[06-Oct-2025 03:13:13 Africa/Nairobi] PHP Warning:  include(): Failed opening 'includes/footer.php' for inclusion (include_path='.:/opt/cpanel/ea-php82/root/usr/share/pear') in /home/vxjtgclw/crm.zuri.co.ke/plots.php on line 246
[06-Oct-2025 03:13:19 Africa/Nairobi] PHP Warning:  include(includes/footer.php): Failed to open stream: No such file or directory in /home/vxjtgclw/crm.zuri.co.ke/projects.php on line 237
[06-Oct-2025 03:13:19 Africa/Nairobi] PHP Warning:  include(includes/footer.php): Failed to open stream: No such file or directory in /home/vxjtgclw/crm.zuri.co.ke/projects.php on line 237
[06-Oct-2025 03:13:19 Africa/Nairobi] PHP Warning:  include(): Failed opening 'includes/footer.php' for inclusion (include_path='.:/opt/cpanel/ea-php82/root/usr/share/pear') in /home/vxjtgclw/crm.zuri.co.ke/projects.php on line 237
[06-Oct-2025 03:13:22 Africa/Nairobi] PHP Warning:  include(includes/footer.php): Failed to open stream: No such file or directory in /home/vxjtgclw/crm.zuri.co.ke/plot-layout.php on line 285
[06-Oct-2025 03:13:22 Africa/Nairobi] PHP Warning:  include(includes/footer.php): Failed to open stream: No such file or directory in /home/vxjtgclw/crm.zuri.co.ke/plot-layout.php on line 285
[06-Oct-2025 03:13:22 Africa/Nairobi] PHP Warning:  include(): Failed opening 'includes/footer.php' for inclusion (include_path='.:/opt/cpanel/ea-php82/root/usr/share/pear') in /home/vxjtgclw/crm.zuri.co.ke/plot-layout.php on line 285
[06-Oct-2025 03:14:41 Africa/Nairobi] PHP Warning:  include(includes/footer.php): Failed to open stream: No such file or directory in /home/vxjtgclw/crm.zuri.co.ke/plot-layout.php on line 285
[06-Oct-2025 03:14:41 Africa/Nairobi] PHP Warning:  include(includes/footer.php): Failed to open stream: No such file or directory in /home/vxjtgclw/crm.zuri.co.ke/plot-layout.php on line 285
[06-Oct-2025 03:14:41 Africa/Nairobi] PHP Warning:  include(): Failed opening 'includes/footer.php' for inclusion (include_path='.:/opt/cpanel/ea-php82/root/usr/share/pear') in /home/vxjtgclw/crm.zuri.co.ke/plot-layout.php on line 285
[06-Oct-2025 03:14:44 Africa/Nairobi] PHP Warning:  include(includes/footer.php): Failed to open stream: No such file or directory in /home/vxjtgclw/crm.zuri.co.ke/dashboard.php on line 695
[06-Oct-2025 03:14:44 Africa/Nairobi] PHP Warning:  include(includes/footer.php): Failed to open stream: No such file or directory in /home/vxjtgclw/crm.zuri.co.ke/dashboard.php on line 695
[06-Oct-2025 03:14:44 Africa/Nairobi] PHP Warning:  include(): Failed opening 'includes/footer.php' for inclusion (include_path='.:/opt/cpanel/ea-php82/root/usr/share/pear') in /home/vxjtgclw/crm.zuri.co.ke/dashboard.php on line 695
[06-Oct-2025 03:19:46 Africa/Nairobi] PHP Warning:  include(includes/footer.php): Failed to open stream: No such file or directory in /home/vxjtgclw/crm.zuri.co.ke/dashboard.php on line 695
[06-Oct-2025 03:19:46 Africa/Nairobi] PHP Warning:  include(includes/footer.php): Failed to open stream: No such file or directory in /home/vxjtgclw/crm.zuri.co.ke/dashboard.php on line 695
[06-Oct-2025 03:19:46 Africa/Nairobi] PHP Warning:  include(): Failed opening 'includes/footer.php' for inclusion (include_path='.:/opt/cpanel/ea-php82/root/usr/share/pear') in /home/vxjtgclw/crm.zuri.co.ke/dashboard.php on line 695
[06-Oct-2025 03:20:49 Africa/Nairobi] PHP Warning:  include(includes/footer.php): Failed to open stream: No such file or directory in /home/vxjtgclw/crm.zuri.co.ke/dashboard.php on line 695
[06-Oct-2025 03:20:49 Africa/Nairobi] PHP Warning:  include(includes/footer.php): Failed to open stream: No such file or directory in /home/vxjtgclw/crm.zuri.co.ke/dashboard.php on line 695
[06-Oct-2025 03:20:49 Africa/Nairobi] PHP Warning:  include(): Failed opening 'includes/footer.php' for inclusion (include_path='.:/opt/cpanel/ea-php82/root/usr/share/pear') in /home/vxjtgclw/crm.zuri.co.ke/dashboard.php on line 695
[06-Oct-2025 03:20:54 Africa/Nairobi] PHP Warning:  include(includes/footer.php): Failed to open stream: No such file or directory in /home/vxjtgclw/crm.zuri.co.ke/dashboard.php on line 695
[06-Oct-2025 03:20:54 Africa/Nairobi] PHP Warning:  include(includes/footer.php): Failed to open stream: No such file or directory in /home/vxjtgclw/crm.zuri.co.ke/dashboard.php on line 695
[06-Oct-2025 03:20:54 Africa/Nairobi] PHP Warning:  include(): Failed opening 'includes/footer.php' for inclusion (include_path='.:/opt/cpanel/ea-php82/root/usr/share/pear') in /home/vxjtgclw/crm.zuri.co.ke/dashboard.php on line 695
[06-Oct-2025 03:21:12 Africa/Nairobi] PHP Warning:  include(includes/footer.php): Failed to open stream: No such file or directory in /home/vxjtgclw/crm.zuri.co.ke/dashboard.php on line 695
[06-Oct-2025 03:21:12 Africa/Nairobi] PHP Warning:  include(includes/footer.php): Failed to open stream: No such file or directory in /home/vxjtgclw/crm.zuri.co.ke/dashboard.php on line 695
[06-Oct-2025 03:21:12 Africa/Nairobi] PHP Warning:  include(): Failed opening 'includes/footer.php' for inclusion (include_path='.:/opt/cpanel/ea-php82/root/usr/share/pear') in /home/vxjtgclw/crm.zuri.co.ke/dashboard.php on line 695
[06-Oct-2025 03:26:14 Africa/Nairobi] PHP Warning:  include(includes/footer.php): Failed to open stream: No such file or directory in /home/vxjtgclw/crm.zuri.co.ke/dashboard.php on line 695
[06-Oct-2025 03:26:14 Africa/Nairobi] PHP Warning:  include(includes/footer.php): Failed to open stream: No such file or directory in /home/vxjtgclw/crm.zuri.co.ke/dashboard.php on line 695
[06-Oct-2025 03:26:14 Africa/Nairobi] PHP Warning:  include(): Failed opening 'includes/footer.php' for inclusion (include_path='.:/opt/cpanel/ea-php82/root/usr/share/pear') in /home/vxjtgclw/crm.zuri.co.ke/dashboard.php on line 695
[06-Oct-2025 03:27:45 Africa/Nairobi] PHP Warning:  include(includes/footer.php): Failed to open stream: No such file or directory in /home/vxjtgclw/crm.zuri.co.ke/dashboard.php on line 696
[06-Oct-2025 03:27:45 Africa/Nairobi] PHP Warning:  include(includes/footer.php): Failed to open stream: No such file or directory in /home/vxjtgclw/crm.zuri.co.ke/dashboard.php on line 696
[06-Oct-2025 03:27:45 Africa/Nairobi] PHP Warning:  include(): Failed opening 'includes/footer.php' for inclusion (include_path='.:/opt/cpanel/ea-php82/root/usr/share/pear') in /home/vxjtgclw/crm.zuri.co.ke/dashboard.php on line 696
[06-Oct-2025 10:09:09 Africa/Nairobi] PHP Warning:  Undefined variable $saleInfo in /home/vxjtgclw/crm.zuri.co.ke/payments.php on line 178
[06-Oct-2025 10:21:14 Africa/Nairobi] PHP Deprecated:  trim(): Passing null to parameter #1 ($string) of type string is deprecated in /home/vxjtgclw/crm.zuri.co.ke/config.php on line 93
[06-Oct-2025 10:58:33 Africa/Nairobi] PHP Parse error:  syntax error, unexpected token "<", expecting end of file in /home/vxjtgclw/crm.zuri.co.ke/app/services/AIPredictionService.php on line 472
[06-Oct-2025 11:00:54 Africa/Nairobi] PHP Parse error:  syntax error, unexpected token "<", expecting end of file in /home/vxjtgclw/crm.zuri.co.ke/app/services/AIPredictionService.php on line 472
[06-Oct-2025 11:02:56 Africa/Nairobi] PHP Parse error:  syntax error, unexpected token "<", expecting end of file in /home/vxjtgclw/crm.zuri.co.ke/app/services/AIPredictionService.php on line 472
[06-Oct-2025 11:03:04 Africa/Nairobi] PHP Parse error:  syntax error, unexpected token "<", expecting end of file in /home/vxjtgclw/crm.zuri.co.ke/app/services/AIPredictionService.php on line 472
[06-Oct-2025 11:03:07 Africa/Nairobi] PHP Parse error:  syntax error, unexpected token "<", expecting end of file in /home/vxjtgclw/crm.zuri.co.ke/app/services/AIPredictionService.php on line 472
[06-Oct-2025 11:16:45 Africa/Nairobi] PHP Fatal error:  Uncaught TypeError: Cannot access offset of type string on string in /home/vxjtgclw/crm.zuri.co.ke/dashboard.php:324
Stack trace:
#0 {main}
  thrown in /home/vxjtgclw/crm.zuri.co.ke/dashboard.php on line 324
[06-Oct-2025 11:16:54 Africa/Nairobi] PHP Fatal error:  Uncaught PDOException: SQLSTATE[42S22]: Column not found: 1054 Unknown column 'pr.office_latitude' in 'field list' in /home/vxjtgclw/crm.zuri.co.ke/analytics-dashboard.php:248
Stack trace:
#0 /home/vxjtgclw/crm.zuri.co.ke/analytics-dashboard.php(248): PDO->query('\r\n            S...')
#1 /home/vxjtgclw/crm.zuri.co.ke/analytics-dashboard.php(274): AnalyticsEngine->getLocationHeatmap()
#2 {main}
  thrown in /home/vxjtgclw/crm.zuri.co.ke/analytics-dashboard.php on line 248
[06-Oct-2025 11:17:04 Africa/Nairobi] PHP Fatal error:  Uncaught TypeError: Cannot access offset of type string on string in /home/vxjtgclw/crm.zuri.co.ke/dashboard.php:324
Stack trace:
#0 {main}
  thrown in /home/vxjtgclw/crm.zuri.co.ke/dashboard.php on line 324
[06-Oct-2025 11:23:29 Africa/Nairobi] PHP Deprecated:  number_format(): Passing null to parameter #1 ($num) of type float is deprecated in /home/vxjtgclw/crm.zuri.co.ke/dashboard.php on line 524
[06-Oct-2025 11:28:31 Africa/Nairobi] PHP Deprecated:  number_format(): Passing null to parameter #1 ($num) of type float is deprecated in /home/vxjtgclw/crm.zuri.co.ke/dashboard.php on line 524
[06-Oct-2025 11:33:34 Africa/Nairobi] PHP Deprecated:  number_format(): Passing null to parameter #1 ($num) of type float is deprecated in /home/vxjtgclw/crm.zuri.co.ke/dashboard.php on line 524
[06-Oct-2025 11:38:35 Africa/Nairobi] PHP Deprecated:  number_format(): Passing null to parameter #1 ($num) of type float is deprecated in /home/vxjtgclw/crm.zuri.co.ke/dashboard.php on line 524
[06-Oct-2025 11:41:45 Africa/Nairobi] Heatmap error: SQLSTATE[42S22]: Column not found: 1054 Unknown column 'pr.office_latitude' in 'field list'
[06-Oct-2025 11:42:16 Africa/Nairobi] PHP Deprecated:  number_format(): Passing null to parameter #1 ($num) of type float is deprecated in /home/vxjtgclw/crm.zuri.co.ke/dashboard.php on line 524
[06-Oct-2025 11:49:00 Africa/Nairobi] PHP Deprecated:  number_format(): Passing null to parameter #1 ($num) of type float is deprecated in /home/vxjtgclw/crm.zuri.co.ke/dashboard.php on line 524
[06-Oct-2025 11:51:17 Africa/Nairobi] Heatmap error: SQLSTATE[42S22]: Column not found: 1054 Unknown column 'pr.office_latitude' in 'field list'
[06-Oct-2025 11:52:20 Africa/Nairobi] PHP Deprecated:  number_format(): Passing null to parameter #1 ($num) of type float is deprecated in /home/vxjtgclw/crm.zuri.co.ke/dashboard.php on line 524
[06-Oct-2025 11:54:10 Africa/Nairobi] Heatmap error: SQLSTATE[42S22]: Column not found: 1054 Unknown column 'pr.office_latitude' in 'field list'
[06-Oct-2025 12:48:18 Africa/Nairobi] Heatmap error: SQLSTATE[42S22]: Column not found: 1054 Unknown column 'pr.office_latitude' in 'field list'
[06-Oct-2025 13:07:28 Africa/Nairobi] PHP Parse error:  syntax error, unexpected token "private", expecting end of file in /home/vxjtgclw/crm.zuri.co.ke/app/services/WorkflowEngine.php on line 5
[06-Oct-2025 15:55:28 Africa/Nairobi] Heatmap error: SQLSTATE[42S22]: Column not found: 1054 Unknown column 'pr.office_latitude' in 'field list'
[06-Oct-2025 17:29:51 Africa/Nairobi] Heatmap error: SQLSTATE[42S22]: Column not found: 1054 Unknown column 'pr.office_latitude' in 'field list'
